{"/workspace/utils/botInjectionPlane.js": {"path":"/workspace/utils/botInjectionPlane.js","statementMap":{"0":{"start":{"line":14,"column":19},"end":{"line":23,"column":1}},"1":{"start":{"line":26,"column":24},"end":{"line":26,"column":44}},"2":{"start":{"line":29,"column":31},"end":{"line":29,"column":45}},"3":{"start":{"line":38,"column":26},"end":{"line":38,"column":63}},"4":{"start":{"line":39,"column":2},"end":{"line":39,"column":54}},"5":{"start":{"line":51,"column":2},"end":{"line":51,"column":56}},"6":{"start":{"line":62,"column":23},"end":{"line":62,"column":47}},"7":{"start":{"line":63,"column":23},"end":{"line":63,"column":39}},"8":{"start":{"line":64,"column":20},"end":{"line":64,"column":45}},"9":{"start":{"line":65,"column":20},"end":{"line":65,"column":67}},"10":{"start":{"line":66,"column":19},"end":{"line":66,"column":40}},"11":{"start":{"line":68,"column":2},"end":{"line":77,"column":4}},"12":{"start":{"line":89,"column":14},"end":{"line":89,"column":24}},"13":{"start":{"line":92,"column":2},"end":{"line":94,"column":3}},"14":{"start":{"line":93,"column":4},"end":{"line":93,"column":48}},"15":{"start":{"line":96,"column":19},"end":{"line":96,"column":57}},"16":{"start":{"line":99,"column":2},"end":{"line":101,"column":3}},"17":{"start":{"line":100,"column":4},"end":{"line":100,"column":47}},"18":{"start":{"line":104,"column":2},"end":{"line":106,"column":3}},"19":{"start":{"line":105,"column":4},"end":{"line":105,"column":47}},"20":{"start":{"line":109,"column":2},"end":{"line":109,"column":62}},"21":{"start":{"line":120,"column":24},"end":{"line":120,"column":25}},"22":{"start":{"line":121,"column":23},"end":{"line":121,"column":54}},"23":{"start":{"line":123,"column":2},"end":{"line":128,"column":4}},"24":{"start":{"line":139,"column":17},"end":{"line":139,"column":54}},"25":{"start":{"line":141,"column":2},"end":{"line":151,"column":4}},"26":{"start":{"line":154,"column":0},"end":{"line":164,"column":2}}},"fnMap":{"0":{"name":"getBotsForStreak","decl":{"start":{"line":36,"column":9},"end":{"line":36,"column":25}},"loc":{"start":{"line":36,"column":34},"end":{"line":40,"column":1}},"line":36},"1":{"name":"calculatePrizeForRoom","decl":{"start":{"line":50,"column":9},"end":{"line":50,"column":30}},"loc":{"start":{"line":50,"column":57},"end":{"line":52,"column":1}},"line":50},"2":{"name":"getPrizeForStreakAndRoom","decl":{"start":{"line":61,"column":9},"end":{"line":61,"column":33}},"loc":{"start":{"line":61,"column":54},"end":{"line":78,"column":1}},"line":61},"3":{"name":"calculateStreak","decl":{"start":{"line":88,"column":9},"end":{"line":88,"column":24}},"loc":{"start":{"line":88,"column":54},"end":{"line":110,"column":1}},"line":88},"4":{"name":"getInjectionPlan","decl":{"start":{"line":117,"column":9},"end":{"line":117,"column":25}},"loc":{"start":{"line":117,"column":38},"end":{"line":129,"column":1}},"line":117},"5":{"name":"calculateAtomicPrize","decl":{"start":{"line":137,"column":9},"end":{"line":137,"column":29}},"loc":{"start":{"line":137,"column":52},"end":{"line":152,"column":1}},"line":137}},"branchMap":{"0":{"loc":{"start":{"line":38,"column":26},"end":{"line":38,"column":63}},"type":"cond-expr","locations":[{"start":{"line":38,"column":53},"end":{"line":38,"column":54}},{"start":{"line":38,"column":57},"end":{"line":38,"column":63}}],"line":38},"1":{"loc":{"start":{"line":38,"column":26},"end":{"line":38,"column":50}},"type":"binary-expr","locations":[{"start":{"line":38,"column":26},"end":{"line":38,"column":36}},{"start":{"line":38,"column":40},"end":{"line":38,"column":50}}],"line":38},"2":{"loc":{"start":{"line":39,"column":9},"end":{"line":39,"column":53}},"type":"binary-expr","locations":[{"start":{"line":39,"column":9},"end":{"line":39,"column":36}},{"start":{"line":39,"column":40},"end":{"line":39,"column":53}}],"line":39},"3":{"loc":{"start":{"line":92,"column":2},"end":{"line":94,"column":3}},"type":"if","locations":[{"start":{"line":92,"column":2},"end":{"line":94,"column":3}},{"start":{},"end":{}}],"line":92},"4":{"loc":{"start":{"line":99,"column":2},"end":{"line":101,"column":3}},"type":"if","locations":[{"start":{"line":99,"column":2},"end":{"line":101,"column":3}},{"start":{},"end":{}}],"line":99},"5":{"loc":{"start":{"line":104,"column":2},"end":{"line":106,"column":3}},"type":"if","locations":[{"start":{"line":104,"column":2},"end":{"line":106,"column":3}},{"start":{},"end":{}}],"line":104}},"s":{"0":1,"1":1,"2":1,"3":10,"4":10,"5":8,"6":3,"7":3,"8":3,"9":3,"10":3,"11":3,"12":4,"13":4,"14":1,"15":3,"16":3,"17":1,"18":2,"19":1,"20":1,"21":0,"22":0,"23":0,"24":0,"25":0,"26":1},"f":{"0":10,"1":8,"2":3,"3":4,"4":0,"5":0},"b":{"0":[4,6],"1":[10,8],"2":[10,0],"3":[1,3],"4":[1,2],"5":[1,1]},"_coverageSchema":"1a1c01bbd47fc00a2c39e90264f33305004495a9","hash":"e946e83f1057ebd582d37b5de4db1fd8ed2abfb4"}
}
