{"/workspace/middleware/errorHandler.js": {"path":"/workspace/middleware/errorHandler.js","statementMap":{"0":{"start":{"line":1,"column":0},"end":{"line":6,"column":2}},"1":{"start":{"line":2,"column":2},"end":{"line":2,"column":39}},"2":{"start":{"line":3,"column":2},"end":{"line":3,"column":153}},"3":{"start":{"line":3,"column":38},"end":{"line":3,"column":153}},"4":{"start":{"line":3,"column":139},"end":{"line":3,"column":148}},"5":{"start":{"line":4,"column":2},"end":{"line":4,"column":92}},"6":{"start":{"line":4,"column":26},"end":{"line":4,"column":92}},"7":{"start":{"line":5,"column":2},"end":{"line":5,"column":92}}},"fnMap":{"0":{"name":"(anonymous_0)","decl":{"start":{"line":1,"column":17},"end":{"line":1,"column":18}},"loc":{"start":{"line":1,"column":42},"end":{"line":6,"column":1}},"line":1},"1":{"name":"(anonymous_1)","decl":{"start":{"line":3,"column":134},"end":{"line":3,"column":135}},"loc":{"start":{"line":3,"column":139},"end":{"line":3,"column":148}},"line":3}},"branchMap":{"0":{"loc":{"start":{"line":3,"column":2},"end":{"line":3,"column":153}},"type":"if","locations":[{"start":{"line":3,"column":2},"end":{"line":3,"column":153}},{"start":{},"end":{}}],"line":3},"1":{"loc":{"start":{"line":4,"column":2},"end":{"line":4,"column":92}},"type":"if","locations":[{"start":{"line":4,"column":2},"end":{"line":4,"column":92}},{"start":{},"end":{}}],"line":4},"2":{"loc":{"start":{"line":5,"column":13},"end":{"line":5,"column":34}},"type":"binary-expr","locations":[{"start":{"line":5,"column":13},"end":{"line":5,"column":27}},{"start":{"line":5,"column":31},"end":{"line":5,"column":34}}],"line":5},"3":{"loc":{"start":{"line":5,"column":50},"end":{"line":5,"column":88}},"type":"binary-expr","locations":[{"start":{"line":5,"column":50},"end":{"line":5,"column":61}},{"start":{"line":5,"column":65},"end":{"line":5,"column":88}}],"line":5}},"s":{"0":1,"1":6,"2":6,"3":1,"4":2,"5":5,"6":1,"7":4},"f":{"0":6,"1":2},"b":{"0":[1,5],"1":[1,4],"2":[4,3],"3":[4,1]},"_coverageSchema":"1a1c01bbd47fc00a2c39e90264f33305004495a9","hash":"e6060beab470c9ed493bc1063e6aa80b3d60618c"}
,"/workspace/middleware/validate.js": {"path":"/workspace/middleware/validate.js","statementMap":{"0":{"start":{"line":1,"column":12},"end":{"line":1,"column":26}},"1":{"start":{"line":3,"column":16},"end":{"line":15,"column":1}},"2":{"start":{"line":17,"column":0},"end":{"line":24,"column":2}},"3":{"start":{"line":18,"column":2},"end":{"line":23,"column":4}},"4":{"start":{"line":19,"column":29},"end":{"line":19,"column":110}},"5":{"start":{"line":20,"column":4},"end":{"line":20,"column":130}},"6":{"start":{"line":20,"column":15},"end":{"line":20,"column":130}},"7":{"start":{"line":20,"column":105},"end":{"line":20,"column":114}},"8":{"start":{"line":21,"column":4},"end":{"line":21,"column":21}},"9":{"start":{"line":22,"column":4},"end":{"line":22,"column":11}}},"fnMap":{"0":{"name":"(anonymous_0)","decl":{"start":{"line":17,"column":19},"end":{"line":17,"column":20}},"loc":{"start":{"line":17,"column":35},"end":{"line":24,"column":1}},"line":17},"1":{"name":"(anonymous_1)","decl":{"start":{"line":18,"column":9},"end":{"line":18,"column":10}},"loc":{"start":{"line":18,"column":29},"end":{"line":23,"column":3}},"line":18},"2":{"name":"(anonymous_2)","decl":{"start":{"line":20,"column":100},"end":{"line":20,"column":101}},"loc":{"start":{"line":20,"column":105},"end":{"line":20,"column":114}},"line":20}},"branchMap":{"0":{"loc":{"start":{"line":20,"column":4},"end":{"line":20,"column":130}},"type":"if","locations":[{"start":{"line":20,"column":4},"end":{"line":20,"column":130}},{"start":{},"end":{}}],"line":20}},"s":{"0":1,"1":1,"2":1,"3":6,"4":29,"5":29,"6":13,"7":13,"8":16,"9":16},"f":{"0":6,"1":29,"2":13},"b":{"0":[13,16]},"_coverageSchema":"1a1c01bbd47fc00a2c39e90264f33305004495a9","hash":"d646e7094abcd24c777dfb701f5c75a579c39005"}
,"/workspace/utils/bingoLogic.js": {"path":"/workspace/utils/bingoLogic.js","statementMap":{"0":{"start":{"line":7,"column":2},"end":{"line":11,"column":3}},"1":{"start":{"line":7,"column":17},"end":{"line":7,"column":18}},"2":{"start":{"line":8,"column":4},"end":{"line":10,"column":5}},"3":{"start":{"line":8,"column":38},"end":{"line":8,"column":51}},"4":{"start":{"line":9,"column":6},"end":{"line":9,"column":18}},"5":{"start":{"line":14,"column":2},"end":{"line":23,"column":3}},"6":{"start":{"line":14,"column":17},"end":{"line":14,"column":18}},"7":{"start":{"line":15,"column":25},"end":{"line":15,"column":29}},"8":{"start":{"line":16,"column":4},"end":{"line":21,"column":5}},"9":{"start":{"line":16,"column":19},"end":{"line":16,"column":20}},"10":{"start":{"line":17,"column":6},"end":{"line":20,"column":7}},"11":{"start":{"line":18,"column":8},"end":{"line":18,"column":31}},"12":{"start":{"line":19,"column":8},"end":{"line":19,"column":14}},"13":{"start":{"line":22,"column":4},"end":{"line":22,"column":36}},"14":{"start":{"line":22,"column":24},"end":{"line":22,"column":36}},"15":{"start":{"line":26,"column":14},"end":{"line":26,"column":18}},"16":{"start":{"line":26,"column":28},"end":{"line":26,"column":32}},"17":{"start":{"line":27,"column":2},"end":{"line":30,"column":3}},"18":{"start":{"line":27,"column":15},"end":{"line":27,"column":16}},"19":{"start":{"line":28,"column":4},"end":{"line":28,"column":49}},"20":{"start":{"line":28,"column":35},"end":{"line":28,"column":49}},"21":{"start":{"line":29,"column":4},"end":{"line":29,"column":51}},"22":{"start":{"line":29,"column":37},"end":{"line":29,"column":51}},"23":{"start":{"line":32,"column":2},"end":{"line":32,"column":24}},"24":{"start":{"line":39,"column":2},"end":{"line":39,"column":46}},"25":{"start":{"line":39,"column":34},"end":{"line":39,"column":46}},"26":{"start":{"line":42,"column":20},"end":{"line":42,"column":42}},"27":{"start":{"line":45,"column":2},"end":{"line":49,"column":3}},"28":{"start":{"line":46,"column":4},"end":{"line":48,"column":5}},"29":{"start":{"line":46,"column":19},"end":{"line":46,"column":20}},"30":{"start":{"line":47,"column":6},"end":{"line":47,"column":42}},"31":{"start":{"line":47,"column":31},"end":{"line":47,"column":42}},"32":{"start":{"line":53,"column":2},"end":{"line":55,"column":31}},"33":{"start":{"line":54,"column":4},"end":{"line":54,"column":45}},"34":{"start":{"line":57,"column":2},"end":{"line":57,"column":13}},"35":{"start":{"line":64,"column":2},"end":{"line":64,"column":28}},"36":{"start":{"line":64,"column":17},"end":{"line":64,"column":28}},"37":{"start":{"line":65,"column":2},"end":{"line":65,"column":28}},"38":{"start":{"line":65,"column":17},"end":{"line":65,"column":28}},"39":{"start":{"line":66,"column":2},"end":{"line":66,"column":28}},"40":{"start":{"line":66,"column":17},"end":{"line":66,"column":28}},"41":{"start":{"line":67,"column":2},"end":{"line":67,"column":28}},"42":{"start":{"line":67,"column":17},"end":{"line":67,"column":28}},"43":{"start":{"line":68,"column":2},"end":{"line":68,"column":13}},"44":{"start":{"line":71,"column":0},"end":{"line":75,"column":2}}},"fnMap":{"0":{"name":"checkBingoWin","decl":{"start":{"line":5,"column":9},"end":{"line":5,"column":22}},"loc":{"start":{"line":5,"column":35},"end":{"line":33,"column":1}},"line":5},"1":{"name":"(anonymous_1)","decl":{"start":{"line":8,"column":30},"end":{"line":8,"column":31}},"loc":{"start":{"line":8,"column":38},"end":{"line":8,"column":51}},"line":8},"2":{"name":"generateBingoNumber","decl":{"start":{"line":38,"column":9},"end":{"line":38,"column":28}},"loc":{"start":{"line":38,"column":49},"end":{"line":58,"column":1}},"line":38},"3":{"name":"getBingoLetter","decl":{"start":{"line":63,"column":9},"end":{"line":63,"column":23}},"loc":{"start":{"line":63,"column":29},"end":{"line":69,"column":1}},"line":63}},"branchMap":{"0":{"loc":{"start":{"line":8,"column":4},"end":{"line":10,"column":5}},"type":"if","locations":[{"start":{"line":8,"column":4},"end":{"line":10,"column":5}},{"start":{},"end":{}}],"line":8},"1":{"loc":{"start":{"line":17,"column":6},"end":{"line":20,"column":7}},"type":"if","locations":[{"start":{"line":17,"column":6},"end":{"line":20,"column":7}},{"start":{},"end":{}}],"line":17},"2":{"loc":{"start":{"line":22,"column":4},"end":{"line":22,"column":36}},"type":"if","locations":[{"start":{"line":22,"column":4},"end":{"line":22,"column":36}},{"start":{},"end":{}}],"line":22},"3":{"loc":{"start":{"line":28,"column":4},"end":{"line":28,"column":49}},"type":"if","locations":[{"start":{"line":28,"column":4},"end":{"line":28,"column":49}},{"start":{},"end":{}}],"line":28},"4":{"loc":{"start":{"line":29,"column":4},"end":{"line":29,"column":51}},"type":"if","locations":[{"start":{"line":29,"column":4},"end":{"line":29,"column":51}},{"start":{},"end":{}}],"line":29},"5":{"loc":{"start":{"line":32,"column":9},"end":{"line":32,"column":23}},"type":"binary-expr","locations":[{"start":{"line":32,"column":9},"end":{"line":32,"column":14}},{"start":{"line":32,"column":18},"end":{"line":32,"column":23}}],"line":32},"6":{"loc":{"start":{"line":38,"column":29},"end":{"line":38,"column":47}},"type":"default-arg","locations":[{"start":{"line":38,"column":45},"end":{"line":38,"column":47}}],"line":38},"7":{"loc":{"start":{"line":39,"column":2},"end":{"line":39,"column":46}},"type":"if","locations":[{"start":{"line":39,"column":2},"end":{"line":39,"column":46}},{"start":{},"end":{}}],"line":39},"8":{"loc":{"start":{"line":45,"column":2},"end":{"line":49,"column":3}},"type":"if","locations":[{"start":{"line":45,"column":2},"end":{"line":49,"column":3}},{"start":{},"end":{}}],"line":45},"9":{"loc":{"start":{"line":47,"column":6},"end":{"line":47,"column":42}},"type":"if","locations":[{"start":{"line":47,"column":6},"end":{"line":47,"column":42}},{"start":{},"end":{}}],"line":47},"10":{"loc":{"start":{"line":64,"column":2},"end":{"line":64,"column":28}},"type":"if","locations":[{"start":{"line":64,"column":2},"end":{"line":64,"column":28}},{"start":{},"end":{}}],"line":64},"11":{"loc":{"start":{"line":65,"column":2},"end":{"line":65,"column":28}},"type":"if","locations":[{"start":{"line":65,"column":2},"end":{"line":65,"column":28}},{"start":{},"end":{}}],"line":65},"12":{"loc":{"start":{"line":66,"column":2},"end":{"line":66,"column":28}},"type":"if","locations":[{"start":{"line":66,"column":2},"end":{"line":66,"column":28}},{"start":{},"end":{}}],"line":66},"13":{"loc":{"start":{"line":67,"column":2},"end":{"line":67,"column":28}},"type":"if","locations":[{"start":{"line":67,"column":2},"end":{"line":67,"column":28}},{"start":{},"end":{}}],"line":67}},"s":{"0":6,"1":6,"2":26,"3":38,"4":1,"5":5,"6":5,"7":21,"8":21,"9":21,"10":28,"11":20,"12":20,"13":21,"14":1,"15":4,"16":4,"17":4,"18":4,"19":20,"20":9,"21":20,"22":13,"23":4,"24":5,"25":1,"26":4,"27":4,"28":0,"29":0,"30":0,"31":0,"32":4,"33":5,"34":4,"35":10,"36":2,"37":8,"38":2,"39":6,"40":2,"41":4,"42":2,"43":2,"44":1},"f":{"0":6,"1":38,"2":5,"3":10},"b":{"0":[1,25],"1":[20,8],"2":[1,20],"3":[9,11],"4":[13,7],"5":[4,3],"6":[0],"7":[1,4],"8":[0,4],"9":[0,0],"10":[2,8],"11":[2,6],"12":[2,4],"13":[2,2]},"_coverageSchema":"1a1c01bbd47fc00a2c39e90264f33305004495a9","hash":"a69684ea8ca95854ed52783074848ed4077dfaa5"}
}
