TN:
SF:middleware/errorHandler.js
FN:1,(anonymous_0)
FN:3,(anonymous_1)
FNF:2
FNH:2
FNDA:6,(anonymous_0)
FNDA:2,(anonymous_1)
DA:1,1
DA:2,6
DA:3,6
DA:4,5
DA:5,4
LF:5
LH:5
BRDA:3,0,0,1
BRDA:3,0,1,5
BRDA:4,1,0,1
BRDA:4,1,1,4
BRDA:5,2,0,4
BRDA:5,2,1,3
BRDA:5,3,0,4
BRDA:5,3,1,1
BRF:8
BRH:8
end_of_record
TN:
SF:middleware/validate.js
FN:17,(anonymous_0)
FN:18,(anonymous_1)
FN:20,(anonymous_2)
FNF:3
FNH:3
FNDA:6,(anonymous_0)
FNDA:30,(anonymous_1)
FNDA:13,(anonymous_2)
DA:1,1
DA:3,1
DA:17,1
DA:18,6
DA:19,30
DA:20,30
DA:21,17
DA:22,17
LF:8
LH:8
BRDA:20,0,0,13
BRDA:20,0,1,17
BRF:2
BRH:2
end_of_record
TN:
SF:utils/bingoLogic.js
FN:5,checkBingoWin
FN:8,(anonymous_1)
FN:38,generateBingoNumber
FN:63,getBingoLetter
FNF:4
FNH:4
FNDA:6,checkBingoWin
FNDA:38,(anonymous_1)
FNDA:5,generateBingoNumber
FNDA:10,getBingoLetter
DA:7,6
DA:8,38
DA:9,1
DA:14,5
DA:15,21
DA:16,21
DA:17,28
DA:18,20
DA:19,20
DA:22,21
DA:26,4
DA:27,4
DA:28,20
DA:29,20
DA:32,4
DA:39,5
DA:42,4
DA:45,4
DA:46,0
DA:47,0
DA:53,4
DA:54,5
DA:57,4
DA:64,10
DA:65,8
DA:66,6
DA:67,4
DA:68,2
DA:71,1
LF:29
LH:27
BRDA:8,0,0,1
BRDA:8,0,1,25
BRDA:17,1,0,20
BRDA:17,1,1,8
BRDA:22,2,0,1
BRDA:22,2,1,20
BRDA:28,3,0,9
BRDA:28,3,1,11
BRDA:29,4,0,13
BRDA:29,4,1,7
BRDA:32,5,0,4
BRDA:32,5,1,3
BRDA:38,6,0,0
BRDA:39,7,0,1
BRDA:39,7,1,4
BRDA:45,8,0,0
BRDA:45,8,1,4
BRDA:47,9,0,0
BRDA:47,9,1,0
BRDA:64,10,0,2
BRDA:64,10,1,8
BRDA:65,11,0,2
BRDA:65,11,1,6
BRDA:66,12,0,2
BRDA:66,12,1,4
BRDA:67,13,0,2
BRDA:67,13,1,2
BRF:27
BRH:23
end_of_record
