TN:
SF:middleware/errorHandler.js
FN:1,(anonymous_0)
FN:3,(anonymous_1)
FNF:2
FNH:2
FNDA:6,(anonymous_0)
FNDA:2,(anonymous_1)
DA:1,1
DA:2,6
DA:3,6
DA:4,5
DA:5,4
LF:5
LH:5
BRDA:3,0,0,1
BRDA:3,0,1,5
BRDA:4,1,0,1
BRDA:4,1,1,4
BRDA:5,2,0,4
BRDA:5,2,1,3
BRDA:5,3,0,4
BRDA:5,3,1,1
BRF:8
BRH:8
end_of_record
TN:
SF:middleware/validate.js
FN:17,(anonymous_0)
FN:18,(anonymous_1)
FN:20,(anonymous_2)
FNF:3
FNH:3
FNDA:6,(anonymous_0)
FNDA:30,(anonymous_1)
FNDA:13,(anonymous_2)
DA:1,1
DA:3,1
DA:17,1
DA:18,6
DA:19,30
DA:20,30
DA:21,17
DA:22,17
LF:8
LH:8
BRDA:20,0,0,13
BRDA:20,0,1,17
BRF:2
BRH:2
end_of_record
TN:
SF:models/GameSession.js
FN:30,(anonymous_0)
FN:36,(anonymous_1)
FN:36,(anonymous_2)
FN:47,(anonymous_3)
FN:54,(anonymous_4)
FN:58,(anonymous_5)
FN:62,(anonymous_6)
FN:65,(anonymous_7)
FN:66,(anonymous_8)
FNF:9
FNH:9
FNDA:5,(anonymous_0)
FNDA:195,(anonymous_1)
FNDA:125,(anonymous_2)
FNDA:7,(anonymous_3)
FNDA:87,(anonymous_4)
FNDA:39,(anonymous_5)
FNDA:29,(anonymous_6)
FNDA:12,(anonymous_7)
FNDA:7,(anonymous_8)
DA:1,1
DA:3,1
DA:25,1
DA:26,1
DA:27,1
DA:28,1
DA:30,1
DA:31,5
DA:32,5
DA:33,25
DA:34,25
DA:35,148
DA:36,195
DA:37,125
DA:38,125
DA:39,125
DA:40,125
DA:43,5
DA:44,5
DA:47,1
DA:48,7
DA:49,7
DA:50,6
DA:53,6
DA:54,87
DA:57,6
DA:58,39
DA:61,5
DA:62,29
DA:65,12
DA:66,7
DA:68,2
DA:71,1
LF:33
LH:33
BRDA:37,0,0,25
BRDA:37,0,1,100
BRDA:38,1,0,25
BRDA:38,1,1,100
BRDA:49,2,0,1
BRDA:49,2,1,6
BRDA:54,3,0,3
BRDA:54,3,1,84
BRDA:54,4,0,87
BRDA:54,4,1,10
BRDA:54,5,0,84
BRDA:54,5,1,34
BRDA:58,6,0,1
BRDA:58,6,1,25
BRDA:62,7,0,1
BRDA:62,7,1,20
BRDA:65,8,0,1
BRDA:65,8,1,3
BRDA:66,9,0,1
BRDA:66,9,1,2
BRF:20
BRH:20
end_of_record
TN:
SF:models/RoomPool.js
FN:17,(anonymous_0)
FNF:1
FNH:0
FNDA:0,(anonymous_0)
DA:1,1
DA:3,1
DA:15,1
DA:17,1
DA:18,0
DA:19,0
DA:20,0
DA:24,1
LF:8
LH:5
BRF:0
BRH:0
end_of_record
TN:
SF:utils/bingoLogic.js
FN:5,checkBingoWin
FN:8,(anonymous_1)
FN:38,generateBingoNumber
FN:63,getBingoLetter
FNF:4
FNH:4
FNDA:6,checkBingoWin
FNDA:38,(anonymous_1)
FNDA:5,generateBingoNumber
FNDA:10,getBingoLetter
DA:7,6
DA:8,38
DA:9,1
DA:14,5
DA:15,21
DA:16,21
DA:17,28
DA:18,20
DA:19,20
DA:22,21
DA:26,4
DA:27,4
DA:28,20
DA:29,20
DA:32,4
DA:39,5
DA:42,4
DA:45,4
DA:46,0
DA:47,0
DA:53,4
DA:54,4
DA:57,4
DA:64,10
DA:65,8
DA:66,6
DA:67,4
DA:68,2
DA:71,1
LF:29
LH:27
BRDA:8,0,0,1
BRDA:8,0,1,25
BRDA:17,1,0,20
BRDA:17,1,1,8
BRDA:22,2,0,1
BRDA:22,2,1,20
BRDA:28,3,0,9
BRDA:28,3,1,11
BRDA:29,4,0,13
BRDA:29,4,1,7
BRDA:32,5,0,4
BRDA:32,5,1,3
BRDA:38,6,0,0
BRDA:39,7,0,1
BRDA:39,7,1,4
BRDA:45,8,0,0
BRDA:45,8,1,4
BRDA:47,9,0,0
BRDA:47,9,1,0
BRDA:64,10,0,2
BRDA:64,10,1,8
BRDA:65,11,0,2
BRDA:65,11,1,6
BRDA:66,12,0,2
BRDA:66,12,1,4
BRDA:67,13,0,2
BRDA:67,13,1,2
BRF:27
BRH:23
end_of_record
TN:
SF:utils/botInjectionPlane.js
FN:36,getBotsForStreak
FN:50,calculatePrizeForRoom
FN:61,getPrizeForStreakAndRoom
FN:88,calculateStreak
FN:117,getInjectionPlan
FN:137,calculateAtomicPrize
FNF:6
FNH:4
FNDA:10,getBotsForStreak
FNDA:8,calculatePrizeForRoom
FNDA:3,getPrizeForStreakAndRoom
FNDA:4,calculateStreak
FNDA:0,getInjectionPlan
FNDA:0,calculateAtomicPrize
DA:14,1
DA:26,1
DA:29,1
DA:38,10
DA:39,10
DA:51,8
DA:62,3
DA:63,3
DA:64,3
DA:65,3
DA:66,3
DA:68,3
DA:89,4
DA:92,4
DA:93,1
DA:96,3
DA:99,3
DA:100,1
DA:104,2
DA:105,1
DA:109,1
DA:120,0
DA:121,0
DA:123,0
DA:139,0
DA:141,0
DA:154,1
LF:27
LH:22
BRDA:38,0,0,4
BRDA:38,0,1,6
BRDA:38,1,0,10
BRDA:38,1,1,8
BRDA:39,2,0,10
BRDA:39,2,1,0
BRDA:92,3,0,1
BRDA:92,3,1,3
BRDA:99,4,0,1
BRDA:99,4,1,2
BRDA:104,5,0,1
BRDA:104,5,1,1
BRF:12
BRH:11
end_of_record
TN:
SF:utils/botManager.js
FN:28,initializeBots
FN:84,ensureAllBotsHaveCards
FN:112,getActiveBots
FN:119,getRandomBot
FN:130,simulateBotMove
FN:131,(anonymous_5)
FN:180,getBotReactionTime
FN:187,findStrategicMark
FN:189,(anonymous_8)
FN:191,(anonymous_9)
FN:195,(anonymous_10)
FN:202,findBestStrategicMark
FN:203,(anonymous_12)
FN:211,(anonymous_13)
FN:216,(anonymous_14)
FN:220,(anonymous_15)
FN:230,(anonymous_16)
FN:237,checkBotWin
FN:238,(anonymous_18)
FN:250,processBotMoves
FN:251,(anonymous_20)
FN:271,(anonymous_21)
FN:279,(anonymous_22)
FN:284,(anonymous_23)
FN:320,handleBotWin
FN:384,autoRefillBotBalances
FN:398,(anonymous_26)
FN:427,resetBotBalancesDaily
FN:518,startDailyBotReset
FN:540,(anonymous_29)
FN:544,(anonymous_30)
FN:553,stopDailyBotReset
FN:564,getBotResetStatus
FN:577,regenerateBotCard
FNF:34
FNH:12
FNDA:0,initializeBots
FNDA:0,ensureAllBotsHaveCards
FNDA:0,getActiveBots
FNDA:0,getRandomBot
FNDA:6,simulateBotMove
FNDA:6,(anonymous_5)
FNDA:1,getBotReactionTime
FNDA:2,findStrategicMark
FNDA:4,(anonymous_8)
FNDA:20,(anonymous_9)
FNDA:4,(anonymous_10)
FNDA:1,findBestStrategicMark
FNDA:3,(anonymous_12)
FNDA:15,(anonymous_13)
FNDA:5,(anonymous_14)
FNDA:0,(anonymous_15)
FNDA:4,(anonymous_16)
FNDA:0,checkBotWin
FNDA:0,(anonymous_18)
FNDA:0,processBotMoves
FNDA:0,(anonymous_20)
FNDA:0,(anonymous_21)
FNDA:0,(anonymous_22)
FNDA:0,(anonymous_23)
FNDA:0,handleBotWin
FNDA:0,autoRefillBotBalances
FNDA:0,(anonymous_26)
FNDA:0,resetBotBalancesDaily
FNDA:0,startDailyBotReset
FNDA:0,(anonymous_29)
FNDA:0,(anonymous_30)
FNDA:0,stopDailyBotReset
FNDA:0,getBotResetStatus
FNDA:0,regenerateBotCard
DA:1,1
DA:2,1
DA:3,1
DA:7,1
DA:10,1
DA:12,1
DA:29,0
DA:30,0
DA:32,0
DA:33,0
DA:35,0
DA:36,0
DA:39,0
DA:41,0
DA:42,0
DA:43,0
DA:46,0
DA:48,0
DA:49,0
DA:58,0
DA:59,0
DA:61,0
DA:69,0
DA:70,0
DA:71,0
DA:73,0
DA:76,0
DA:77,0
DA:85,0
DA:86,0
DA:94,0
DA:95,0
DA:97,0
DA:98,0
DA:99,0
DA:102,0
DA:105,0
DA:113,0
DA:120,0
DA:121,0
DA:122,0
DA:131,6
DA:132,6
DA:134,6
DA:135,6
DA:136,6
DA:139,6
DA:140,6
DA:141,30
DA:142,150
DA:143,144
DA:144,144
DA:145,10
DA:150,6
DA:154,4
DA:156,4
DA:158,1
DA:159,3
DA:161,2
DA:164,1
DA:167,4
DA:168,0
DA:172,4
DA:174,4
DA:181,1
DA:189,2
DA:190,4
DA:191,20
DA:192,4
DA:195,4
DA:196,2
DA:203,1
DA:204,3
DA:207,3
DA:208,3
DA:211,15
DA:212,3
DA:215,3
DA:216,5
DA:217,1
DA:219,3
DA:220,0
DA:221,0
DA:225,3
DA:227,3
DA:230,4
DA:231,1
DA:238,0
DA:239,0
DA:241,0
DA:251,0
DA:253,0
DA:255,0
DA:257,0
DA:259,0
DA:260,0
DA:261,0
DA:262,0
DA:266,0
DA:267,0
DA:268,0
DA:269,0
DA:271,0
DA:272,0
DA:273,0
DA:274,0
DA:279,0
DA:282,0
DA:283,0
DA:284,0
DA:285,0
DA:287,0
DA:289,0
DA:292,0
DA:295,0
DA:296,0
DA:299,0
DA:300,0
DA:302,0
DA:303,0
DA:309,0
DA:321,0
DA:324,0
DA:326,0
DA:328,0
DA:331,0
DA:335,0
DA:338,0
DA:343,0
DA:344,0
DA:345,0
DA:346,0
DA:347,0
DA:348,0
DA:349,0
DA:352,0
DA:353,0
DA:357,0
DA:358,0
DA:359,0
DA:360,0
DA:361,0
DA:373,0
DA:385,0
DA:386,0
DA:391,0
DA:392,0
DA:393,0
DA:396,0
DA:398,0
DA:408,0
DA:410,0
DA:412,0
DA:417,0
DA:418,0
DA:428,0
DA:429,0
DA:430,0
DA:431,0
DA:433,0
DA:434,0
DA:436,0
DA:437,0
DA:438,0
DA:441,0
DA:443,0
DA:444,0
DA:445,0
DA:447,0
DA:448,0
DA:449,0
DA:452,0
DA:453,0
DA:454,0
DA:455,0
DA:456,0
DA:457,0
DA:458,0
DA:459,0
DA:460,0
DA:461,0
DA:462,0
DA:463,0
DA:464,0
DA:465,0
DA:468,0
DA:476,0
DA:479,0
DA:480,0
DA:482,0
DA:495,0
DA:496,0
DA:497,0
DA:498,0
DA:499,0
DA:500,0
DA:501,0
DA:503,0
DA:509,0
DA:510,0
DA:520,0
DA:521,0
DA:522,0
DA:526,0
DA:527,0
DA:528,0
DA:530,0
DA:531,0
DA:534,0
DA:536,0
DA:537,0
DA:540,0
DA:541,0
DA:544,0
DA:545,0
DA:554,0
DA:555,0
DA:556,0
DA:557,0
DA:565,0
DA:578,0
DA:579,0
DA:583,0
DA:584,0
DA:585,0
DA:589,0
DA:590,0
DA:592,0
DA:594,0
DA:596,0
DA:597,0
DA:601,1
LF:232
LH:50
BRDA:32,0,0,0
BRDA:32,0,1,0
BRDA:48,1,0,0
BRDA:48,1,1,0
BRDA:53,2,0,0
BRDA:53,2,1,0
BRDA:53,3,0,0
BRDA:53,3,1,0
BRDA:69,4,0,0
BRDA:69,4,1,0
BRDA:94,5,0,0
BRDA:94,5,1,0
BRDA:121,6,0,0
BRDA:121,6,1,0
BRDA:132,7,0,0
BRDA:132,7,1,6
BRDA:142,8,0,6
BRDA:142,8,1,144
BRDA:142,9,0,150
BRDA:142,9,1,30
BRDA:144,10,0,10
BRDA:144,10,1,134
BRDA:144,11,0,144
BRDA:144,11,1,144
BRDA:144,11,2,11
BRDA:150,12,0,2
BRDA:150,12,1,4
BRDA:154,13,0,4
BRDA:154,13,1,0
BRDA:156,14,0,1
BRDA:156,14,1,3
BRDA:159,15,0,2
BRDA:159,15,1,1
BRDA:167,16,0,0
BRDA:167,16,1,4
BRDA:191,17,0,1
BRDA:191,17,1,19
BRDA:211,18,0,1
BRDA:211,18,1,14
BRDA:215,19,0,1
BRDA:215,19,1,2
BRDA:219,20,0,0
BRDA:219,20,1,3
BRDA:225,21,0,0
BRDA:225,21,1,3
BRDA:225,22,0,3
BRDA:225,22,1,3
BRDA:239,23,0,0
BRDA:239,23,1,0
BRDA:253,24,0,0
BRDA:253,24,1,0
BRDA:260,25,0,0
BRDA:260,25,1,0
BRDA:266,26,0,0
BRDA:266,26,1,0
BRDA:266,27,0,0
BRDA:266,27,1,0
BRDA:266,27,2,0
BRDA:272,28,0,0
BRDA:272,28,1,0
BRDA:283,29,0,0
BRDA:283,29,1,0
BRDA:285,30,0,0
BRDA:285,30,1,0
BRDA:300,31,0,0
BRDA:300,31,1,0
BRDA:326,32,0,0
BRDA:326,32,1,0
BRDA:328,33,0,0
BRDA:328,33,1,0
BRDA:359,34,0,0
BRDA:359,34,1,0
BRDA:360,35,0,0
BRDA:360,35,1,0
BRDA:384,36,0,0
BRDA:384,37,0,0
BRDA:391,38,0,0
BRDA:391,38,1,0
BRDA:436,39,0,0
BRDA:436,39,1,0
BRDA:456,40,0,0
BRDA:456,40,1,0
BRDA:463,41,0,0
BRDA:463,41,1,0
BRDA:464,42,0,0
BRDA:464,42,1,0
BRDA:518,43,0,0
BRDA:518,44,0,0
BRDA:520,45,0,0
BRDA:520,45,1,0
BRDA:530,46,0,0
BRDA:530,46,1,0
BRDA:554,47,0,0
BRDA:554,47,1,0
BRDA:583,48,0,0
BRDA:583,48,1,0
BRF:96
BRH:28
end_of_record
